<?xml version="1.0" encoding="UTF-8"?>
<!-- Generated by org.testng.reporters.JUnitXMLReporter -->
<testsuite ignored="11" hostname="DESKTOP-LQCK449" failures="0" tests="1" name="Default test" time="23.899" errors="0" timestamp="2024-07-15T18:30:52 IST">
  <testcase classname="com.nakshatratechnohub.hubsched.Web_Automation" name="addempAutomation" time="17.308"/>
  <testcase classname="com.nakshatratechnohub.hubsched.Web_Automation" name="announcementAutomation" time="0.0">
    <ignored/>
  </testcase> <!-- announcementAutomation -->
  <testcase classname="com.nakshatratechnohub.hubsched.Web_Automation" name="visitorAutomation" time="0.0">
    <ignored/>
  </testcase> <!-- visitorAutomation -->
  <testcase classname="com.nakshatratechnohub.hubsched.Web_Automation" name="ticketAutomation" time="0.0">
    <ignored/>
  </testcase> <!-- ticketAutomation -->
  <testcase classname="com.nakshatratechnohub.hubsched.Web_Automation" name="vouchersAutomation" time="0.0">
    <ignored/>
  </testcase> <!-- vouchersAutomation -->
  <testcase classname="com.nakshatratechnohub.hubsched.Web_Automation" name="meeting_HistoryAuto" time="0.0">
    <ignored/>
  </testcase> <!-- meeting_HistoryAuto -->
  <testcase classname="com.nakshatratechnohub.hubsched.Web_Automation" name="generateReportAutomation" time="0.0">
    <ignored/>
  </testcase> <!-- generateReportAutomation -->
  <testcase classname="com.nakshatratechnohub.hubsched.Web_Automation" name="manageRoomsAutomation" time="0.0">
    <ignored/>
  </testcase> <!-- manageRoomsAutomation -->
  <testcase classname="com.nakshatratechnohub.hubsched.Web_Automation" name="accountSettingAutomation" time="0.0">
    <ignored/>
  </testcase> <!-- accountSettingAutomation -->
  <testcase classname="com.nakshatratechnohub.hubsched.Web_Automation" name="eventBanners" time="0.0">
    <ignored/>
  </testcase> <!-- eventBanners -->
  <testcase classname="com.nakshatratechnohub.hubsched.Web_Automation" name="managePantry" time="0.0">
    <ignored/>
  </testcase> <!-- managePantry -->
  <testcase classname="com.nakshatratechnohub.hubsched.Web_Automation" name="editEmployee" time="0.0">
    <ignored/>
  </testcase> <!-- editEmployee -->
</testsuite> <!-- Default test -->
