<?xml version="1.0" encoding="UTF-8"?>
<testng-results ignored="0" total="1" passed="1" failed="0" skipped="0">
  <reporter-output>
  </reporter-output>
  <suite started-at="2024-07-15T18:30:28 IST" name="Default suite" finished-at="2024-07-15T18:30:52 IST" duration-ms="23899">
    <groups>
    </groups>
    <test started-at="2024-07-15T18:30:28 IST" name="Default test" finished-at="2024-07-15T18:30:52 IST" duration-ms="23899">
      <class name="com.nakshatratechnohub.hubsched.Web_Automation">
        <test-method is-config="true" signature="configsetting()[pri:0, instance:com.nakshatratechnohub.hubsched.Web_Automation@2b662a77]" started-at="2024-07-15T18:30:28 IST" name="configsetting" finished-at="2024-07-15T18:30:35 IST" duration-ms="6508" status="PASS">
          <reporter-output>
          </reporter-output>
        </test-method> <!-- configsetting -->
        <test-method signature="addempAutomation()[pri:2, instance:com.nakshatratechnohub.hubsched.Web_Automation@2b662a77]" started-at="2024-07-15T18:30:35 IST" name="addempAutomation" finished-at="2024-07-15T18:30:52 IST" duration-ms="17308" status="PASS">
          <reporter-output>
          </reporter-output>
        </test-method> <!-- addempAutomation -->
      </class> <!-- com.nakshatratechnohub.hubsched.Web_Automation -->
    </test> <!-- Default test -->
  </suite> <!-- Default suite -->
</testng-results>
